<?xml version="1.0" encoding="UTF-8"?>
<!-- Generated by org.testng.reporters.JUnitReportReporter -->
<testsuite hostname="ritikkewalka.local" failures="0" tests="1" name="testcases.LoginTest" time="3.687" errors="0" timestamp="2025-07-29T10:31:11 IST" skipped="0">
  <testcase classname="testcases.LoginTest" name="validLoginTest" time="3.687"/>
</testsuite> <!-- testcases.LoginTest -->
