<?xml version="1.0" encoding="UTF-8"?>
<!-- Generated by org.testng.reporters.JUnitReportReporter -->
<testsuite hostname="ritikkewalka.local" failures="0" tests="2" name="testcases.HomePageTest" time="0.153" errors="0" timestamp="2025-07-29T11:44:31 IST" skipped="0">
  <testcase classname="testcases.HomePageTest" name="verifyDashboardDisplaysLoginUsername" time="0.047"/>
  <testcase classname="testcases.HomePageTest" name="verifyDashboardCards" time="0.106"/>
</testsuite> <!-- testcases.HomePageTest -->
