<?xml version="1.0" encoding="UTF-8"?>
<!-- Generated by org.testng.reporters.JUnitReportReporter -->
<testsuite hostname="ritikkewalka.local" failures="0" tests="1" name="testcases.LogoutTest" time="2.611" errors="0" timestamp="2025-07-29T11:44:31 IST" skipped="0">
  <testcase classname="testcases.LogoutTest" name="validLogoutTest" time="2.611"/>
</testsuite> <!-- testcases.LogoutTest -->
