<?xml version="1.0" encoding="UTF-8"?>
<!-- Generated by org.testng.reporters.JUnitReportReporter -->
<testsuite hostname="ritikkewalka.local" failures="0" tests="1" name="testcases.LoginTest" time="4.774" errors="0" timestamp="2025-07-29T11:01:57 IST" skipped="0">
  <testcase classname="testcases.LoginTest" name="validLoginTest" time="4.774"/>
</testsuite> <!-- testcases.LoginTest -->
