<?xml version="1.0" encoding="UTF-8"?>
<!-- Generated by org.testng.reporters.JUnitReportReporter -->
<testsuite hostname="Mukeshs-MacBook-Air.local" failures="0" tests="1" name="testcases.SampleReport" time="0.225" errors="0" timestamp="2024-11-15T08:34:17 IST" skipped="0">
  <testcase classname="testcases.SampleReport" name="sampleReport" time="0.225"/>
</testsuite> <!-- testcases.SampleReport -->
