<?xml version="1.0" encoding="UTF-8"?>
<!-- Generated by org.testng.reporters.JUnitReportReporter -->
<testsuite hostname="ritikkewalka.local" failures="0" tests="1" name="testcases.HomePageTest" time="0.059" errors="0" timestamp="2025-07-29T10:31:11 IST" skipped="0">
  <testcase classname="testcases.HomePageTest" name="verifyDashboardDisplaysLoginUsername" time="0.059"/>
</testsuite> <!-- testcases.HomePageTest -->
