<?xml version="1.0" encoding="UTF-8"?>
<!-- Generated by org.testng.reporters.JUnitReportReporter -->
<testsuite hostname="ritikkewalka.local" failures="0" tests="1" name="runners.TestRunner" time="21.367" errors="0" timestamp="2025-06-17T15:12:57 IST" skipped="0">
  <testcase classname="runners.TestRunner" name="runScenario" time="21.367"/>
</testsuite> <!-- runners.TestRunner -->
